2025-01-20 01:19:31 - LLEO - [32mINFO[0m - Starting scan for domain: testphp.vulnweb.com
2025-01-20 01:19:31 - LLEO - [32mINFO[0m - Running discovery module...
2025-01-20 01:19:31 - LLEO - [32mINFO[0m - Starting discovery phase...
2025-01-20 01:19:31 - LLEO - [31mERROR[0m - Error in findomain: [Errno 8] Exec format error: 'findomain'
2025-01-20 01:19:31 - LLEO - [33mWARNING[0m - Skipping haktrails: SecurityTrails API key not configured
2025-01-20 01:19:31 - LLEO - [33mWARNING[0m - Tool not found: sf
2025-01-20 01:19:31 - LLEO - [33mWARNING[0m - spiderfoot not found. Skipping...
2025-01-20 01:19:36 - LLEO - [31mERROR[0m - Gospider error: 
2025-01-20 01:19:36 - LLEO - [31mERROR[0m - Whatweb error: /usr/lib/ruby/vendor_ruby/whatweb/scan.rb:75:in `alive?': Interrupt
	from /usr/lib/ruby/vendor_ruby/whatweb/scan.rb:75:in `block (2 levels) in scan'
	from /usr/lib/ruby/vendor_ruby/whatweb/scan.rb:75:in `map'
	from /usr/lib/ruby/vendor_ruby/whatweb/scan.rb:75:in `block in scan'
	from /usr/lib/ruby/vendor_ruby/whatweb/scan.rb:71:in `loop'
	from /usr/lib/ruby/vendor_ruby/whatweb/scan.rb:71:in `scan'
	from /usr/bin/whatweb:619:in `<main>'

2025-01-20 01:19:36 - LLEO - [31mERROR[0m - Wafw00f error: Traceback (most recent call last):
  File "/usr/bin/wafw00f", line 8, in <module>
    main.main()
  File "/usr/lib/python3/dist-packages/wafw00f/main.py", line 451, in main
    if attacker.genericdetect():
       ^^^^^^^^^^^^^^^^^^^^^^^^
  File "/usr/lib/python3/dist-packages/wafw00f/main.py", line 107, in genericdetect
    resp2 = self.performCheck(self.xssAttack)
            ^^^^^^^^^^^^^^^^^^^^^^^^^^^^^^^^^
  File "/usr/lib/python3/dist-packages/wafw00f/main.py", line 72, in performCheck
    r = request_method()
        ^^^^^^^^^^^^^^^^
  File "/usr/lib/python3/dist-packages/wafw00f/main.py", line 54, in xssAttack
    return self.Request(path=self.path, params= {'s': self.xsstring})
           ^^^^^^^^^^^^^^^^^^^^^^^^^^^^^^^^^^^^^^^^^^^^^^^^^^^^^^^^^^
  File "/usr/lib/python3/dist-packages/wafw00f/lib/evillib.py", line 77, in Request
    req = requests.get(self.target, proxies=self.proxies, headers=h, timeout=timeout,
          ^^^^^^^^^^^^^^^^^^^^^^^^^^^^^^^^^^^^^^^^^^^^^^^^^^^^^^^^^^^^^^^^^^^^^^^^^^^
  File "/usr/lib/python3/dist-packages/requests/api.py", line 73, in get
    return request("get", url, params=params, **kwargs)
           ^^^^^^^^^^^^^^^^^^^^^^^^^^^^^^^^^^^^^^^^^^^^
  File "/usr/lib/python3/dist-packages/requests/api.py", line 59, in request
    return session.request(method=method, url=url, **kwargs)
           ^^^^^^^^^^^^^^^^^^^^^^^^^^^^^^^^^^^^^^^^^^^^^^^^^
  File "/usr/lib/python3/dist-packages/requests/sessions.py", line 589, in request
    resp = self.send(prep, **send_kwargs)
           ^^^^^^^^^^^^^^^^^^^^^^^^^^^^^^
  File "/usr/lib/python3/dist-packages/requests/sessions.py", line 703, in send
    r = adapter.send(request, **kwargs)
        ^^^^^^^^^^^^^^^^^^^^^^^^^^^^^^^
  File "/usr/lib/python3/dist-packages/requests/adapters.py", line 667, in send
    resp = conn.urlopen(
           ^^^^^^^^^^^^^
  File "/usr/lib/python3/dist-packages/urllib3/connectionpool.py", line 789, in urlopen
    response = self._make_request(
               ^^^^^^^^^^^^^^^^^^^
  File "/usr/lib/python3/dist-packages/urllib3/connectionpool.py", line 536, in _make_request
    response = conn.getresponse()
               ^^^^^^^^^^^^^^^^^^
  File "/usr/lib/python3/dist-packages/urllib3/connection.py", line 507, in getresponse
    httplib_response = super().getresponse()
                       ^^^^^^^^^^^^^^^^^^^^^
  File "/usr/lib/python3.12/http/client.py", line 1428, in getresponse
    response.begin()
  File "/usr/lib/python3.12/http/client.py", line 331, in begin
    version, status, reason = self._read_status()
                              ^^^^^^^^^^^^^^^^^^^
  File "/usr/lib/python3.12/http/client.py", line 292, in _read_status
    line = str(self.fp.readline(_MAXLINE + 1), "iso-8859-1")
               ^^^^^^^^^^^^^^^^^^^^^^^^^^^^^^
  File "/usr/lib/python3.12/socket.py", line 720, in readinto
    return self._sock.recv_into(b)
           ^^^^^^^^^^^^^^^^^^^^^^^
KeyboardInterrupt

2025-01-20 01:24:45 - LLEO - [34mDEBUG[0m - Found naabu at /usr/bin/naabu
2025-01-20 01:24:45 - LLEO - [34mDEBUG[0m - Found naabu at /usr/bin/naabu
2025-01-20 01:24:45 - LLEO - [34mDEBUG[0m - Found wafw00f at /usr/bin/wafw00f
2025-01-20 01:24:45 - LLEO - [34mDEBUG[0m - Found wafw00f at /usr/bin/wafw00f
2025-01-20 01:24:45 - LLEO - [34mDEBUG[0m - Found nuclei at /usr/bin/nuclei
2025-01-20 01:24:45 - LLEO - [34mDEBUG[0m - Found nuclei at /usr/bin/nuclei
2025-01-20 01:24:45 - LLEO - [34mDEBUG[0m - Found whatweb at /usr/bin/whatweb
2025-01-20 01:24:45 - LLEO - [34mDEBUG[0m - Found whatweb at /usr/bin/whatweb
2025-01-20 01:24:45 - LLEO - [34mDEBUG[0m - Found dnsx at /usr/bin/dnsx
2025-01-20 01:24:45 - LLEO - [34mDEBUG[0m - Found dnsx at /usr/bin/dnsx
2025-01-20 01:24:45 - LLEO - [34mDEBUG[0m - Found dalfox at /usr/bin/dalfox
2025-01-20 01:24:45 - LLEO - [34mDEBUG[0m - Found dalfox at /usr/bin/dalfox
2025-01-20 01:24:45 - LLEO - [34mDEBUG[0m - Found dnsgen at /usr/bin/dnsgen
2025-01-20 01:24:45 - LLEO - [34mDEBUG[0m - Found dnsgen at /usr/bin/dnsgen
2025-01-20 01:24:45 - LLEO - [34mDEBUG[0m - Found sqlmap at /usr/bin/sqlmap
2025-01-20 01:24:45 - LLEO - [34mDEBUG[0m - Found sqlmap at /usr/bin/sqlmap
2025-01-20 01:24:45 - LLEO - [34mDEBUG[0m - Found haktrails at /usr/local/bin/haktrails
2025-01-20 01:24:45 - LLEO - [34mDEBUG[0m - Found haktrails at /usr/local/bin/haktrails
2025-01-20 01:24:45 - LLEO - [34mDEBUG[0m - Found assetfinder at /usr/bin/assetfinder
2025-01-20 01:24:45 - LLEO - [34mDEBUG[0m - Found assetfinder at /usr/bin/assetfinder
2025-01-20 01:24:45 - LLEO - [34mDEBUG[0m - Found 403-bypass at /usr/local/bin/403-bypass
2025-01-20 01:24:45 - LLEO - [34mDEBUG[0m - Found 403-bypass at /usr/local/bin/403-bypass
2025-01-20 01:24:45 - LLEO - [34mDEBUG[0m - Found aquatone at /usr/bin/aquatone
2025-01-20 01:24:45 - LLEO - [34mDEBUG[0m - Found aquatone at /usr/bin/aquatone
2025-01-20 01:24:45 - LLEO - [34mDEBUG[0m - Found altdns at /usr/bin/altdns
2025-01-20 01:24:45 - LLEO - [34mDEBUG[0m - Found altdns at /usr/bin/altdns
2025-01-20 01:24:45 - LLEO - [34mDEBUG[0m - Found nikto at /usr/bin/nikto
2025-01-20 01:24:45 - LLEO - [34mDEBUG[0m - Found nikto at /usr/bin/nikto
2025-01-20 01:24:45 - LLEO - [34mDEBUG[0m - Found gospider at /usr/bin/gospider
2025-01-20 01:24:45 - LLEO - [34mDEBUG[0m - Found gospider at /usr/bin/gospider
2025-01-20 01:24:45 - LLEO - [34mDEBUG[0m - Found subfinder at /usr/bin/subfinder
2025-01-20 01:24:45 - LLEO - [34mDEBUG[0m - Found subfinder at /usr/bin/subfinder
2025-01-20 01:24:45 - LLEO - [34mDEBUG[0m - Found nmap at /usr/bin/nmap
2025-01-20 01:24:45 - LLEO - [34mDEBUG[0m - Found nmap at /usr/bin/nmap
2025-01-20 01:24:45 - LLEO - [34mDEBUG[0m - Found ghauri at /usr/local/bin/ghauri
2025-01-20 01:24:45 - LLEO - [34mDEBUG[0m - Found ghauri at /usr/local/bin/ghauri
2025-01-20 01:24:45 - LLEO - [34mDEBUG[0m - Found httpx at /usr/bin/httpx
2025-01-20 01:24:45 - LLEO - [34mDEBUG[0m - Found httpx at /usr/bin/httpx
2025-01-20 01:24:45 - LLEO - [34mDEBUG[0m - Found ffuf at /usr/bin/ffuf
2025-01-20 01:24:45 - LLEO - [34mDEBUG[0m - Found ffuf at /usr/bin/ffuf
2025-01-20 01:24:45 - LLEO - [34mDEBUG[0m - Found dirsearch at /usr/bin/dirsearch
2025-01-20 01:24:45 - LLEO - [34mDEBUG[0m - Found dirsearch at /usr/bin/dirsearch
2025-01-20 01:24:45 - LLEO - [34mDEBUG[0m - Found wpscan at /usr/bin/wpscan
2025-01-20 01:24:45 - LLEO - [34mDEBUG[0m - Found wpscan at /usr/bin/wpscan
2025-01-20 01:24:45 - LLEO - [34mDEBUG[0m - Found spiderfoot at /usr/bin/spiderfoot
2025-01-20 01:24:45 - LLEO - [34mDEBUG[0m - Found spiderfoot at /usr/bin/spiderfoot
2025-01-20 01:24:45 - LLEO - [34mDEBUG[0m - Found findomain at /usr/local/bin/findomain
2025-01-20 01:24:45 - LLEO - [34mDEBUG[0m - Found findomain at /usr/local/bin/findomain
2025-01-20 01:24:45 - LLEO - [34mDEBUG[0m - Found amass at /usr/bin/amass
2025-01-20 01:24:45 - LLEO - [34mDEBUG[0m - Found amass at /usr/bin/amass
2025-01-20 01:24:45 - LLEO - [34mDEBUG[0m - Found wfuzz at /usr/bin/wfuzz
2025-01-20 01:24:45 - LLEO - [34mDEBUG[0m - Found wfuzz at /usr/bin/wfuzz
2025-01-20 01:24:45 - LLEO - [34mDEBUG[0m - Found gobuster at /usr/bin/gobuster
2025-01-20 01:24:45 - LLEO - [34mDEBUG[0m - Found gobuster at /usr/bin/gobuster
2025-01-20 01:25:21 - LLEO - [34mDEBUG[0m - Found naabu at /usr/bin/naabu
2025-01-20 01:25:21 - LLEO - [34mDEBUG[0m - Found naabu at /usr/bin/naabu
2025-01-20 01:25:21 - LLEO - [34mDEBUG[0m - Found wafw00f at /usr/bin/wafw00f
2025-01-20 01:25:21 - LLEO - [34mDEBUG[0m - Found wafw00f at /usr/bin/wafw00f
2025-01-20 01:25:21 - LLEO - [34mDEBUG[0m - Found nuclei at /usr/bin/nuclei
2025-01-20 01:25:21 - LLEO - [34mDEBUG[0m - Found nuclei at /usr/bin/nuclei
2025-01-20 01:25:21 - LLEO - [34mDEBUG[0m - Found whatweb at /usr/bin/whatweb
2025-01-20 01:25:21 - LLEO - [34mDEBUG[0m - Found whatweb at /usr/bin/whatweb
2025-01-20 01:25:21 - LLEO - [34mDEBUG[0m - Found dnsx at /usr/bin/dnsx
2025-01-20 01:25:21 - LLEO - [34mDEBUG[0m - Found dnsx at /usr/bin/dnsx
2025-01-20 01:25:21 - LLEO - [34mDEBUG[0m - Found dalfox at /usr/bin/dalfox
2025-01-20 01:25:21 - LLEO - [34mDEBUG[0m - Found dalfox at /usr/bin/dalfox
2025-01-20 01:25:21 - LLEO - [34mDEBUG[0m - Found dnsgen at /usr/bin/dnsgen
2025-01-20 01:25:21 - LLEO - [34mDEBUG[0m - Found dnsgen at /usr/bin/dnsgen
2025-01-20 01:25:21 - LLEO - [34mDEBUG[0m - Found sqlmap at /usr/bin/sqlmap
2025-01-20 01:25:21 - LLEO - [34mDEBUG[0m - Found sqlmap at /usr/bin/sqlmap
2025-01-20 01:25:21 - LLEO - [34mDEBUG[0m - Found haktrails at /usr/local/bin/haktrails
2025-01-20 01:25:21 - LLEO - [34mDEBUG[0m - Found haktrails at /usr/local/bin/haktrails
2025-01-20 01:25:21 - LLEO - [34mDEBUG[0m - Found assetfinder at /usr/bin/assetfinder
2025-01-20 01:25:21 - LLEO - [34mDEBUG[0m - Found assetfinder at /usr/bin/assetfinder
2025-01-20 01:25:21 - LLEO - [34mDEBUG[0m - Found 403-bypass at /usr/local/bin/403-bypass
2025-01-20 01:25:21 - LLEO - [34mDEBUG[0m - Found 403-bypass at /usr/local/bin/403-bypass
2025-01-20 01:25:21 - LLEO - [34mDEBUG[0m - Found aquatone at /usr/bin/aquatone
2025-01-20 01:25:21 - LLEO - [34mDEBUG[0m - Found aquatone at /usr/bin/aquatone
2025-01-20 01:25:21 - LLEO - [34mDEBUG[0m - Found altdns at /usr/bin/altdns
2025-01-20 01:25:21 - LLEO - [34mDEBUG[0m - Found altdns at /usr/bin/altdns
2025-01-20 01:25:21 - LLEO - [34mDEBUG[0m - Found nikto at /usr/bin/nikto
2025-01-20 01:25:21 - LLEO - [34mDEBUG[0m - Found nikto at /usr/bin/nikto
2025-01-20 01:25:21 - LLEO - [34mDEBUG[0m - Found gospider at /usr/bin/gospider
2025-01-20 01:25:21 - LLEO - [34mDEBUG[0m - Found gospider at /usr/bin/gospider
2025-01-20 01:25:21 - LLEO - [34mDEBUG[0m - Found subfinder at /usr/bin/subfinder
2025-01-20 01:25:21 - LLEO - [34mDEBUG[0m - Found subfinder at /usr/bin/subfinder
2025-01-20 01:25:21 - LLEO - [34mDEBUG[0m - Found nmap at /usr/bin/nmap
2025-01-20 01:25:21 - LLEO - [34mDEBUG[0m - Found nmap at /usr/bin/nmap
2025-01-20 01:25:21 - LLEO - [34mDEBUG[0m - Found ghauri at /usr/local/bin/ghauri
2025-01-20 01:25:21 - LLEO - [34mDEBUG[0m - Found ghauri at /usr/local/bin/ghauri
2025-01-20 01:25:21 - LLEO - [34mDEBUG[0m - Found httpx at /usr/bin/httpx
2025-01-20 01:25:21 - LLEO - [34mDEBUG[0m - Found httpx at /usr/bin/httpx
2025-01-20 01:25:21 - LLEO - [34mDEBUG[0m - Found ffuf at /usr/bin/ffuf
2025-01-20 01:25:21 - LLEO - [34mDEBUG[0m - Found ffuf at /usr/bin/ffuf
2025-01-20 01:25:21 - LLEO - [34mDEBUG[0m - Found dirsearch at /usr/bin/dirsearch
2025-01-20 01:25:21 - LLEO - [34mDEBUG[0m - Found dirsearch at /usr/bin/dirsearch
2025-01-20 01:25:21 - LLEO - [34mDEBUG[0m - Found wpscan at /usr/bin/wpscan
2025-01-20 01:25:21 - LLEO - [34mDEBUG[0m - Found wpscan at /usr/bin/wpscan
2025-01-20 01:25:21 - LLEO - [34mDEBUG[0m - Found spiderfoot at /usr/bin/spiderfoot
2025-01-20 01:25:21 - LLEO - [34mDEBUG[0m - Found spiderfoot at /usr/bin/spiderfoot
2025-01-20 01:25:21 - LLEO - [34mDEBUG[0m - Found findomain at /usr/local/bin/findomain
2025-01-20 01:25:21 - LLEO - [34mDEBUG[0m - Found findomain at /usr/local/bin/findomain
2025-01-20 01:25:21 - LLEO - [34mDEBUG[0m - Found amass at /usr/bin/amass
2025-01-20 01:25:21 - LLEO - [34mDEBUG[0m - Found amass at /usr/bin/amass
2025-01-20 01:25:21 - LLEO - [34mDEBUG[0m - Found wfuzz at /usr/bin/wfuzz
2025-01-20 01:25:21 - LLEO - [34mDEBUG[0m - Found wfuzz at /usr/bin/wfuzz
2025-01-20 01:25:21 - LLEO - [34mDEBUG[0m - Found gobuster at /usr/bin/gobuster
2025-01-20 01:25:21 - LLEO - [34mDEBUG[0m - Found gobuster at /usr/bin/gobuster
2025-01-20 01:25:21 - LLEO - [34mDEBUG[0m - Found waybackurls using which at /root/go-workspace/bin/waybackurls
2025-01-20 01:25:21 - LLEO - [34mDEBUG[0m - Found waybackurls at /root/go-workspace/bin/waybackurls
2025-01-20 01:25:21 - LLEO - [34mDEBUG[0m - Found gauplus using which at /root/go-workspace/bin/gauplus
2025-01-20 01:25:21 - LLEO - [34mDEBUG[0m - Found gauplus at /root/go-workspace/bin/gauplus
2025-01-20 01:25:21 - LLEO - [34mDEBUG[0m - Found kxss using which at /root/go-workspace/bin/kxss
2025-01-20 01:25:21 - LLEO - [34mDEBUG[0m - Found kxss at /root/go-workspace/bin/kxss
2025-01-20 01:25:21 - LLEO - [34mDEBUG[0m - Found katana using which at /root/.pdtm/go/bin/katana
2025-01-20 01:25:21 - LLEO - [34mDEBUG[0m - Found katana at /root/.pdtm/go/bin/katana
2025-01-20 01:25:21 - LLEO - [34mDEBUG[0m - Found crlfuzz using which at /root/go-workspace/bin/crlfuzz
2025-01-20 01:25:21 - LLEO - [34mDEBUG[0m - Found crlfuzz at /root/go-workspace/bin/crlfuzz
2025-01-20 01:25:40 - LLEO - [34mDEBUG[0m - Found naabu at /usr/bin/naabu
2025-01-20 01:25:40 - LLEO - [34mDEBUG[0m - Found naabu at /usr/bin/naabu
2025-01-20 01:25:40 - LLEO - [34mDEBUG[0m - Found wafw00f at /usr/bin/wafw00f
2025-01-20 01:25:40 - LLEO - [34mDEBUG[0m - Found wafw00f at /usr/bin/wafw00f
2025-01-20 01:25:40 - LLEO - [34mDEBUG[0m - Found nuclei at /usr/bin/nuclei
2025-01-20 01:25:40 - LLEO - [34mDEBUG[0m - Found nuclei at /usr/bin/nuclei
2025-01-20 01:25:40 - LLEO - [34mDEBUG[0m - Found whatweb at /usr/bin/whatweb
2025-01-20 01:25:40 - LLEO - [34mDEBUG[0m - Found whatweb at /usr/bin/whatweb
2025-01-20 01:25:40 - LLEO - [34mDEBUG[0m - Found dnsx at /usr/bin/dnsx
2025-01-20 01:25:40 - LLEO - [34mDEBUG[0m - Found dnsx at /usr/bin/dnsx
2025-01-20 01:25:40 - LLEO - [34mDEBUG[0m - Found dalfox at /usr/bin/dalfox
2025-01-20 01:25:40 - LLEO - [34mDEBUG[0m - Found dalfox at /usr/bin/dalfox
2025-01-20 01:25:40 - LLEO - [34mDEBUG[0m - Found dnsgen at /usr/bin/dnsgen
2025-01-20 01:25:40 - LLEO - [34mDEBUG[0m - Found dnsgen at /usr/bin/dnsgen
2025-01-20 01:25:40 - LLEO - [34mDEBUG[0m - Found sqlmap at /usr/bin/sqlmap
2025-01-20 01:25:40 - LLEO - [34mDEBUG[0m - Found sqlmap at /usr/bin/sqlmap
2025-01-20 01:25:40 - LLEO - [34mDEBUG[0m - Found haktrails at /usr/local/bin/haktrails
2025-01-20 01:25:40 - LLEO - [34mDEBUG[0m - Found haktrails at /usr/local/bin/haktrails
2025-01-20 01:25:40 - LLEO - [34mDEBUG[0m - Found assetfinder at /usr/bin/assetfinder
2025-01-20 01:25:40 - LLEO - [34mDEBUG[0m - Found assetfinder at /usr/bin/assetfinder
2025-01-20 01:25:40 - LLEO - [34mDEBUG[0m - Found 403-bypass at /usr/local/bin/403-bypass
2025-01-20 01:25:40 - LLEO - [34mDEBUG[0m - Found 403-bypass at /usr/local/bin/403-bypass
2025-01-20 01:25:40 - LLEO - [34mDEBUG[0m - Found aquatone at /usr/bin/aquatone
2025-01-20 01:25:40 - LLEO - [34mDEBUG[0m - Found aquatone at /usr/bin/aquatone
2025-01-20 01:25:40 - LLEO - [34mDEBUG[0m - Found altdns at /usr/bin/altdns
2025-01-20 01:25:40 - LLEO - [34mDEBUG[0m - Found altdns at /usr/bin/altdns
2025-01-20 01:25:40 - LLEO - [34mDEBUG[0m - Found nikto at /usr/bin/nikto
2025-01-20 01:25:40 - LLEO - [34mDEBUG[0m - Found nikto at /usr/bin/nikto
2025-01-20 01:25:40 - LLEO - [34mDEBUG[0m - Found gospider at /usr/bin/gospider
2025-01-20 01:25:40 - LLEO - [34mDEBUG[0m - Found gospider at /usr/bin/gospider
2025-01-20 01:25:40 - LLEO - [34mDEBUG[0m - Found subfinder at /usr/bin/subfinder
2025-01-20 01:25:40 - LLEO - [34mDEBUG[0m - Found subfinder at /usr/bin/subfinder
2025-01-20 01:25:40 - LLEO - [34mDEBUG[0m - Found nmap at /usr/bin/nmap
2025-01-20 01:25:40 - LLEO - [34mDEBUG[0m - Found nmap at /usr/bin/nmap
2025-01-20 01:25:40 - LLEO - [34mDEBUG[0m - Found ghauri at /usr/local/bin/ghauri
2025-01-20 01:25:40 - LLEO - [34mDEBUG[0m - Found ghauri at /usr/local/bin/ghauri
2025-01-20 01:25:40 - LLEO - [34mDEBUG[0m - Found httpx at /usr/bin/httpx
2025-01-20 01:25:40 - LLEO - [34mDEBUG[0m - Found httpx at /usr/bin/httpx
2025-01-20 01:25:40 - LLEO - [34mDEBUG[0m - Found ffuf at /usr/bin/ffuf
2025-01-20 01:25:40 - LLEO - [34mDEBUG[0m - Found ffuf at /usr/bin/ffuf
2025-01-20 01:25:40 - LLEO - [34mDEBUG[0m - Found dirsearch at /usr/bin/dirsearch
2025-01-20 01:25:40 - LLEO - [34mDEBUG[0m - Found dirsearch at /usr/bin/dirsearch
2025-01-20 01:25:40 - LLEO - [34mDEBUG[0m - Found wpscan at /usr/bin/wpscan
2025-01-20 01:25:40 - LLEO - [34mDEBUG[0m - Found wpscan at /usr/bin/wpscan
2025-01-20 01:25:40 - LLEO - [34mDEBUG[0m - Found spiderfoot at /usr/bin/spiderfoot
2025-01-20 01:25:40 - LLEO - [34mDEBUG[0m - Found spiderfoot at /usr/bin/spiderfoot
2025-01-20 01:25:40 - LLEO - [34mDEBUG[0m - Found findomain at /usr/local/bin/findomain
2025-01-20 01:25:40 - LLEO - [34mDEBUG[0m - Found findomain at /usr/local/bin/findomain
2025-01-20 01:25:40 - LLEO - [34mDEBUG[0m - Found amass at /usr/bin/amass
2025-01-20 01:25:40 - LLEO - [34mDEBUG[0m - Found amass at /usr/bin/amass
2025-01-20 01:25:40 - LLEO - [34mDEBUG[0m - Found wfuzz at /usr/bin/wfuzz
2025-01-20 01:25:40 - LLEO - [34mDEBUG[0m - Found wfuzz at /usr/bin/wfuzz
2025-01-20 01:25:40 - LLEO - [34mDEBUG[0m - Found gobuster at /usr/bin/gobuster
2025-01-20 01:25:40 - LLEO - [34mDEBUG[0m - Found gobuster at /usr/bin/gobuster
2025-01-20 01:25:48 - LLEO - [34mDEBUG[0m - Found naabu at /usr/bin/naabu
2025-01-20 01:25:48 - LLEO - [34mDEBUG[0m - Found naabu at /usr/bin/naabu
2025-01-20 01:25:48 - LLEO - [34mDEBUG[0m - Found wafw00f at /usr/bin/wafw00f
2025-01-20 01:25:48 - LLEO - [34mDEBUG[0m - Found wafw00f at /usr/bin/wafw00f
2025-01-20 01:25:48 - LLEO - [34mDEBUG[0m - Found nuclei at /usr/bin/nuclei
2025-01-20 01:25:48 - LLEO - [34mDEBUG[0m - Found nuclei at /usr/bin/nuclei
2025-01-20 01:25:48 - LLEO - [34mDEBUG[0m - Found whatweb at /usr/bin/whatweb
2025-01-20 01:25:48 - LLEO - [34mDEBUG[0m - Found whatweb at /usr/bin/whatweb
2025-01-20 01:25:48 - LLEO - [34mDEBUG[0m - Found dnsx at /usr/bin/dnsx
2025-01-20 01:25:48 - LLEO - [34mDEBUG[0m - Found dnsx at /usr/bin/dnsx
2025-01-20 01:25:48 - LLEO - [34mDEBUG[0m - Found dalfox at /usr/bin/dalfox
2025-01-20 01:25:48 - LLEO - [34mDEBUG[0m - Found dalfox at /usr/bin/dalfox
2025-01-20 01:25:48 - LLEO - [34mDEBUG[0m - Found dnsgen at /usr/bin/dnsgen
2025-01-20 01:25:48 - LLEO - [34mDEBUG[0m - Found dnsgen at /usr/bin/dnsgen
2025-01-20 01:25:48 - LLEO - [34mDEBUG[0m - Found sqlmap at /usr/bin/sqlmap
2025-01-20 01:25:48 - LLEO - [34mDEBUG[0m - Found sqlmap at /usr/bin/sqlmap
2025-01-20 01:25:48 - LLEO - [34mDEBUG[0m - Found haktrails at /usr/local/bin/haktrails
2025-01-20 01:25:48 - LLEO - [34mDEBUG[0m - Found haktrails at /usr/local/bin/haktrails
2025-01-20 01:25:48 - LLEO - [34mDEBUG[0m - Found assetfinder at /usr/bin/assetfinder
2025-01-20 01:25:48 - LLEO - [34mDEBUG[0m - Found assetfinder at /usr/bin/assetfinder
2025-01-20 01:25:48 - LLEO - [34mDEBUG[0m - Found 403-bypass at /usr/local/bin/403-bypass
2025-01-20 01:25:48 - LLEO - [34mDEBUG[0m - Found 403-bypass at /usr/local/bin/403-bypass
2025-01-20 01:25:48 - LLEO - [34mDEBUG[0m - Found aquatone at /usr/bin/aquatone
2025-01-20 01:25:48 - LLEO - [34mDEBUG[0m - Found aquatone at /usr/bin/aquatone
2025-01-20 01:25:48 - LLEO - [34mDEBUG[0m - Found altdns at /usr/bin/altdns
2025-01-20 01:25:48 - LLEO - [34mDEBUG[0m - Found altdns at /usr/bin/altdns
2025-01-20 01:25:48 - LLEO - [34mDEBUG[0m - Found nikto at /usr/bin/nikto
2025-01-20 01:25:48 - LLEO - [34mDEBUG[0m - Found nikto at /usr/bin/nikto
2025-01-20 01:25:48 - LLEO - [34mDEBUG[0m - Found gospider at /usr/bin/gospider
2025-01-20 01:25:48 - LLEO - [34mDEBUG[0m - Found gospider at /usr/bin/gospider
2025-01-20 01:25:48 - LLEO - [34mDEBUG[0m - Found subfinder at /usr/bin/subfinder
2025-01-20 01:25:48 - LLEO - [34mDEBUG[0m - Found subfinder at /usr/bin/subfinder
2025-01-20 01:25:48 - LLEO - [34mDEBUG[0m - Found nmap at /usr/bin/nmap
2025-01-20 01:25:48 - LLEO - [34mDEBUG[0m - Found nmap at /usr/bin/nmap
2025-01-20 01:25:48 - LLEO - [34mDEBUG[0m - Found ghauri at /usr/local/bin/ghauri
2025-01-20 01:25:48 - LLEO - [34mDEBUG[0m - Found ghauri at /usr/local/bin/ghauri
2025-01-20 01:25:48 - LLEO - [34mDEBUG[0m - Found httpx at /usr/bin/httpx
2025-01-20 01:25:48 - LLEO - [34mDEBUG[0m - Found httpx at /usr/bin/httpx
2025-01-20 01:25:48 - LLEO - [34mDEBUG[0m - Found ffuf at /usr/bin/ffuf
2025-01-20 01:25:48 - LLEO - [34mDEBUG[0m - Found ffuf at /usr/bin/ffuf
2025-01-20 01:25:48 - LLEO - [34mDEBUG[0m - Found dirsearch at /usr/bin/dirsearch
2025-01-20 01:25:48 - LLEO - [34mDEBUG[0m - Found dirsearch at /usr/bin/dirsearch
2025-01-20 01:25:48 - LLEO - [34mDEBUG[0m - Found wpscan at /usr/bin/wpscan
2025-01-20 01:25:48 - LLEO - [34mDEBUG[0m - Found wpscan at /usr/bin/wpscan
2025-01-20 01:25:48 - LLEO - [34mDEBUG[0m - Found spiderfoot at /usr/bin/spiderfoot
2025-01-20 01:25:48 - LLEO - [34mDEBUG[0m - Found spiderfoot at /usr/bin/spiderfoot
2025-01-20 01:25:48 - LLEO - [34mDEBUG[0m - Found findomain at /usr/local/bin/findomain
2025-01-20 01:25:48 - LLEO - [34mDEBUG[0m - Found findomain at /usr/local/bin/findomain
2025-01-20 01:25:48 - LLEO - [34mDEBUG[0m - Found amass at /usr/bin/amass
2025-01-20 01:25:48 - LLEO - [34mDEBUG[0m - Found amass at /usr/bin/amass
2025-01-20 01:25:48 - LLEO - [34mDEBUG[0m - Found wfuzz at /usr/bin/wfuzz
2025-01-20 01:25:48 - LLEO - [34mDEBUG[0m - Found wfuzz at /usr/bin/wfuzz
2025-01-20 01:25:48 - LLEO - [34mDEBUG[0m - Found gobuster at /usr/bin/gobuster
2025-01-20 01:25:48 - LLEO - [34mDEBUG[0m - Found gobuster at /usr/bin/gobuster
2025-01-20 01:25:48 - LLEO - [34mDEBUG[0m - Found waybackurls using which at /root/go-workspace/bin/waybackurls
2025-01-20 01:25:48 - LLEO - [34mDEBUG[0m - Found waybackurls at /root/go-workspace/bin/waybackurls
2025-01-20 01:25:48 - LLEO - [34mDEBUG[0m - Found gauplus using which at /root/go-workspace/bin/gauplus
2025-01-20 01:25:48 - LLEO - [34mDEBUG[0m - Found gauplus at /root/go-workspace/bin/gauplus
2025-01-20 01:25:48 - LLEO - [34mDEBUG[0m - Found kxss using which at /root/go-workspace/bin/kxss
2025-01-20 01:25:48 - LLEO - [34mDEBUG[0m - Found kxss at /root/go-workspace/bin/kxss
2025-01-20 01:25:48 - LLEO - [34mDEBUG[0m - Found katana using which at /root/.pdtm/go/bin/katana
2025-01-20 01:25:48 - LLEO - [34mDEBUG[0m - Found katana at /root/.pdtm/go/bin/katana
2025-01-20 01:25:48 - LLEO - [34mDEBUG[0m - Found crlfuzz using which at /root/go-workspace/bin/crlfuzz
2025-01-20 01:25:48 - LLEO - [34mDEBUG[0m - Found crlfuzz at /root/go-workspace/bin/crlfuzz
2025-01-20 01:29:56 - LLEO - [34mDEBUG[0m - Found naabu (naabu) at /usr/bin/naabu
2025-01-20 01:29:56 - LLEO - [34mDEBUG[0m - Found naabu at /usr/bin/naabu
2025-01-20 01:29:56 - LLEO - [34mDEBUG[0m - Found wafw00f (wafw00f) at /usr/bin/wafw00f
2025-01-20 01:29:56 - LLEO - [34mDEBUG[0m - Found wafw00f at /usr/bin/wafw00f
2025-01-20 01:29:56 - LLEO - [34mDEBUG[0m - Found nuclei (nuclei) at /usr/bin/nuclei
2025-01-20 01:29:56 - LLEO - [34mDEBUG[0m - Found nuclei at /usr/bin/nuclei
2025-01-20 01:29:56 - LLEO - [34mDEBUG[0m - Found whatweb (whatweb) at /usr/bin/whatweb
2025-01-20 01:29:56 - LLEO - [34mDEBUG[0m - Found whatweb at /usr/bin/whatweb
2025-01-20 01:29:56 - LLEO - [34mDEBUG[0m - Found dnsx (dnsx) at /usr/bin/dnsx
2025-01-20 01:29:56 - LLEO - [34mDEBUG[0m - Found dnsx at /usr/bin/dnsx
2025-01-20 01:29:56 - LLEO - [34mDEBUG[0m - Found dalfox (dalfox) at /usr/bin/dalfox
2025-01-20 01:29:56 - LLEO - [34mDEBUG[0m - Found dalfox at /usr/bin/dalfox
2025-01-20 01:29:56 - LLEO - [34mDEBUG[0m - Found dnsgen (dnsgen) at /usr/bin/dnsgen
2025-01-20 01:29:56 - LLEO - [34mDEBUG[0m - Found dnsgen at /usr/bin/dnsgen
2025-01-20 01:29:56 - LLEO - [34mDEBUG[0m - Found sqlmap (sqlmap) at /usr/bin/sqlmap
2025-01-20 01:29:56 - LLEO - [34mDEBUG[0m - Found sqlmap at /usr/bin/sqlmap
2025-01-20 01:29:56 - LLEO - [34mDEBUG[0m - Found haktrails (haktrails) at /usr/local/bin/haktrails
2025-01-20 01:29:56 - LLEO - [34mDEBUG[0m - Found haktrails at /usr/local/bin/haktrails
2025-01-20 01:29:56 - LLEO - [34mDEBUG[0m - Found assetfinder (assetfinder) at /usr/bin/assetfinder
2025-01-20 01:29:56 - LLEO - [34mDEBUG[0m - Found assetfinder at /usr/bin/assetfinder
2025-01-20 01:29:56 - LLEO - [34mDEBUG[0m - Found 403-bypass (403-bypass) at /usr/local/bin/403-bypass
2025-01-20 01:29:56 - LLEO - [34mDEBUG[0m - Found 403-bypass at /usr/local/bin/403-bypass
2025-01-20 01:29:56 - LLEO - [34mDEBUG[0m - Found aquatone (aquatone) at /usr/bin/aquatone
2025-01-20 01:29:56 - LLEO - [34mDEBUG[0m - Found aquatone at /usr/bin/aquatone
2025-01-20 01:29:56 - LLEO - [34mDEBUG[0m - Found altdns (altdns) at /usr/bin/altdns
2025-01-20 01:29:56 - LLEO - [34mDEBUG[0m - Found altdns at /usr/bin/altdns
2025-01-20 01:29:56 - LLEO - [34mDEBUG[0m - Found nikto (nikto) at /usr/bin/nikto
2025-01-20 01:29:56 - LLEO - [34mDEBUG[0m - Found nikto at /usr/bin/nikto
2025-01-20 01:29:56 - LLEO - [34mDEBUG[0m - Found gospider (gospider) at /usr/bin/gospider
2025-01-20 01:29:56 - LLEO - [34mDEBUG[0m - Found gospider at /usr/bin/gospider
2025-01-20 01:29:56 - LLEO - [34mDEBUG[0m - Found subfinder (subfinder) at /usr/bin/subfinder
2025-01-20 01:29:56 - LLEO - [34mDEBUG[0m - Found subfinder at /usr/bin/subfinder
2025-01-20 01:29:56 - LLEO - [34mDEBUG[0m - Found nmap (nmap) at /usr/bin/nmap
2025-01-20 01:29:56 - LLEO - [34mDEBUG[0m - Found nmap at /usr/bin/nmap
2025-01-20 01:29:56 - LLEO - [34mDEBUG[0m - Found ghauri (ghauri) at /usr/local/bin/ghauri
2025-01-20 01:29:56 - LLEO - [34mDEBUG[0m - Found ghauri at /usr/local/bin/ghauri
2025-01-20 01:29:56 - LLEO - [34mDEBUG[0m - Found httpx (httpx) at /usr/bin/httpx
2025-01-20 01:29:56 - LLEO - [34mDEBUG[0m - Found httpx at /usr/bin/httpx
2025-01-20 01:29:56 - LLEO - [34mDEBUG[0m - Found ffuf (ffuf) at /usr/bin/ffuf
2025-01-20 01:29:56 - LLEO - [34mDEBUG[0m - Found ffuf at /usr/bin/ffuf
2025-01-20 01:29:56 - LLEO - [34mDEBUG[0m - Found dirsearch (dirsearch) at /usr/bin/dirsearch
2025-01-20 01:29:56 - LLEO - [34mDEBUG[0m - Found dirsearch at /usr/bin/dirsearch
2025-01-20 01:29:56 - LLEO - [34mDEBUG[0m - Found wpscan (wpscan) at /usr/bin/wpscan
2025-01-20 01:29:56 - LLEO - [34mDEBUG[0m - Found wpscan at /usr/bin/wpscan
2025-01-20 01:29:56 - LLEO - [34mDEBUG[0m - Found metasploit (msfconsole) at /usr/bin/msfconsole
2025-01-20 01:29:56 - LLEO - [34mDEBUG[0m - Found metasploit at /usr/bin/msfconsole
2025-01-20 01:29:56 - LLEO - [34mDEBUG[0m - Found spiderfoot (spiderfoot) at /usr/bin/spiderfoot
2025-01-20 01:29:56 - LLEO - [34mDEBUG[0m - Found spiderfoot at /usr/bin/spiderfoot
2025-01-20 01:29:56 - LLEO - [34mDEBUG[0m - Found findomain (findomain) at /usr/local/bin/findomain
2025-01-20 01:29:56 - LLEO - [34mDEBUG[0m - Found findomain at /usr/local/bin/findomain
2025-01-20 01:29:56 - LLEO - [34mDEBUG[0m - Found amass (amass) at /usr/bin/amass
2025-01-20 01:29:56 - LLEO - [34mDEBUG[0m - Found amass at /usr/bin/amass
2025-01-20 01:29:56 - LLEO - [34mDEBUG[0m - Found wfuzz (wfuzz) at /usr/bin/wfuzz
2025-01-20 01:29:56 - LLEO - [34mDEBUG[0m - Found wfuzz at /usr/bin/wfuzz
2025-01-20 01:29:56 - LLEO - [34mDEBUG[0m - Found gobuster (gobuster) at /usr/bin/gobuster
2025-01-20 01:29:56 - LLEO - [34mDEBUG[0m - Found gobuster at /usr/bin/gobuster
2025-01-20 01:29:56 - LLEO - [34mDEBUG[0m - Found waybackurls (waybackurls) using which at /root/go-workspace/bin/waybackurls
2025-01-20 01:29:56 - LLEO - [34mDEBUG[0m - Found waybackurls at /root/go-workspace/bin/waybackurls
2025-01-20 01:29:56 - LLEO - [34mDEBUG[0m - Found gauplus (gauplus) using which at /root/go-workspace/bin/gauplus
2025-01-20 01:29:56 - LLEO - [34mDEBUG[0m - Found gauplus at /root/go-workspace/bin/gauplus
2025-01-20 01:29:56 - LLEO - [34mDEBUG[0m - Found kxss (kxss) using which at /root/go-workspace/bin/kxss
2025-01-20 01:29:56 - LLEO - [34mDEBUG[0m - Found kxss at /root/go-workspace/bin/kxss
2025-01-20 01:29:56 - LLEO - [34mDEBUG[0m - Found katana (katana) using which at /root/.pdtm/go/bin/katana
2025-01-20 01:29:56 - LLEO - [34mDEBUG[0m - Found katana at /root/.pdtm/go/bin/katana
2025-01-20 01:29:56 - LLEO - [34mDEBUG[0m - Found crlfuzz (crlfuzz) using which at /root/go-workspace/bin/crlfuzz
2025-01-20 01:29:56 - LLEO - [34mDEBUG[0m - Found crlfuzz at /root/go-workspace/bin/crlfuzz
