2025-01-20 01:13:02,378 - LLEO - INFO - Starting scan for domain: testphp.vulnweb.com
2025-01-20 01:13:02,378 - LLEO - INFO - Running discovery module...
2025-01-20 01:13:02,378 - LLEO - INFO - Starting discovery phase...
2025-01-20 01:13:02,382 - LLEO - WARNING - Skipping haktrails: SecurityTrails API key not configured
2025-01-20 01:13:02,382 - LLEO - ERROR - Error in findomain: Command 'findomain -t testphp.vulnweb.com -q -u output/testphp.vulnweb.com_20250120_011302/findomain_testphp.vulnweb.com.txt' returned non-zero exit status 127.
2025-01-20 01:13:02,383 - LLEO - WARNING - Tool not found: sf
2025-01-20 01:13:02,383 - LLEO - ERROR - Unexpected error in spiderfoot: spiderfoot not found. Please install it first.
2025-01-20 01:13:05,475 - LLEO - ERROR - Gauplus error: time="2025-01-20T01:13:02+05:30" level=warning msg="error reading config: Config file /root/.gau.toml not found, using default config"

2025-01-20 01:13:05,475 - LLEO - ERROR - Waybackurls error: 
2025-01-20 01:13:05,475 - LLEO - ERROR - Gospider error: 
2025-01-20 01:13:05,494 - LLEO - ERROR - Wafw00f error: Traceback (most recent call last):
  File "/usr/bin/wafw00f", line 8, in <module>
    main.main()
  File "/usr/lib/python3/dist-packages/wafw00f/main.py", line 451, in main
    if attacker.genericdetect():
       ^^^^^^^^^^^^^^^^^^^^^^^^
  File "/usr/lib/python3/dist-packages/wafw00f/main.py", line 94, in genericdetect
    resp3 = self.customRequest(headers=self.headers)
            ^^^^^^^^^^^^^^^^^^^^^^^^^^^^^^^^^^^^^^^^
  File "/usr/lib/python3/dist-packages/wafw00f/main.py", line 48, in customRequest
    return self.Request(headers=headers)
           ^^^^^^^^^^^^^^^^^^^^^^^^^^^^^
  File "/usr/lib/python3/dist-packages/wafw00f/lib/evillib.py", line 77, in Request
    req = requests.get(self.target, proxies=self.proxies, headers=h, timeout=timeout,
          ^^^^^^^^^^^^^^^^^^^^^^^^^^^^^^^^^^^^^^^^^^^^^^^^^^^^^^^^^^^^^^^^^^^^^^^^^^^
  File "/usr/lib/python3/dist-packages/requests/api.py", line 73, in get
    return request("get", url, params=params, **kwargs)
           ^^^^^^^^^^^^^^^^^^^^^^^^^^^^^^^^^^^^^^^^^^^^
  File "/usr/lib/python3/dist-packages/requests/api.py", line 59, in request
    return session.request(method=method, url=url, **kwargs)
           ^^^^^^^^^^^^^^^^^^^^^^^^^^^^^^^^^^^^^^^^^^^^^^^^^
  File "/usr/lib/python3/dist-packages/requests/sessions.py", line 589, in request
    resp = self.send(prep, **send_kwargs)
           ^^^^^^^^^^^^^^^^^^^^^^^^^^^^^^
  File "/usr/lib/python3/dist-packages/requests/sessions.py", line 703, in send
    r = adapter.send(request, **kwargs)
        ^^^^^^^^^^^^^^^^^^^^^^^^^^^^^^^
  File "/usr/lib/python3/dist-packages/requests/adapters.py", line 667, in send
    resp = conn.urlopen(
           ^^^^^^^^^^^^^
  File "/usr/lib/python3/dist-packages/urllib3/connectionpool.py", line 789, in urlopen
    response = self._make_request(
               ^^^^^^^^^^^^^^^^^^^
  File "/usr/lib/python3/dist-packages/urllib3/connectionpool.py", line 536, in _make_request
    response = conn.getresponse()
               ^^^^^^^^^^^^^^^^^^
  File "/usr/lib/python3/dist-packages/urllib3/connection.py", line 507, in getresponse
    httplib_response = super().getresponse()
                       ^^^^^^^^^^^^^^^^^^^^^
  File "/usr/lib/python3.12/http/client.py", line 1428, in getresponse
    response.begin()
  File "/usr/lib/python3.12/http/client.py", line 331, in begin
    version, status, reason = self._read_status()
                              ^^^^^^^^^^^^^^^^^^^
  File "/usr/lib/python3.12/http/client.py", line 292, in _read_status
    line = str(self.fp.readline(_MAXLINE + 1), "iso-8859-1")
               ^^^^^^^^^^^^^^^^^^^^^^^^^^^^^^
  File "/usr/lib/python3.12/socket.py", line 720, in readinto
    return self._sock.recv_into(b)
           ^^^^^^^^^^^^^^^^^^^^^^^
KeyboardInterrupt

2025-01-20 01:13:08,276 - LLEO - ERROR - Error in framework execution: can't re-enter readline
